trunk/app/build/outputs/apk/manifest-merger-debug-report.txt
-- Merging decision tree log ---
manifest
ADDED from AndroidManifest.xml:4:1
	xmlns:android
		ADDED from AndroidManifest.xml:4:11
	package
		ADDED from AndroidManifest.xml:5:5
		INJECTED from AndroidManifest.xml:0:0
		INJECTED from AndroidManifest.xml:0:0
	android:versionName
		ADDED from AndroidManifest.xml:7:5
		INJECTED from AndroidManifest.xml:0:0
		INJECTED from AndroidManifest.xml:0:0
	android:versionCode
		ADDED from AndroidManifest.xml:6:5
		INJECTED from AndroidManifest.xml:0:0
		INJECTED from AndroidManifest.xml:0:0
supports-screens
ADDED from AndroidManifest.xml:10:5
	android:largeScreens
		ADDED from AndroidManifest.xml:10:77
	android:anyDensity
		ADDED from AndroidManifest.xml:10:23
	android:normalScreens
		ADDED from AndroidManifest.xml:10:134
	android:xlargeScreens
		ADDED from AndroidManifest.xml:10:105
	android:smallScreens
		ADDED from AndroidManifest.xml:10:49
uses-sdk
ADDED from AndroidManifest.xml:18:5
	android:targetSdkVersion
		ADDED from AndroidManifest.xml:20:9
		INJECTED from AndroidManifest.xml:0:0
		INJECTED from AndroidManifest.xml:0:0
	android:minSdkVersion
		ADDED from AndroidManifest.xml:19:9
		INJECTED from AndroidManifest.xml:0:0
		INJECTED from AndroidManifest.xml:0:0
application
ADDED from AndroidManifest.xml:23:5
	android:label
		ADDED from AndroidManifest.xml:28:9
	android:allowBackup
		ADDED from AndroidManifest.xml:26:9
	android:icon
		ADDED from AndroidManifest.xml:27:9
	android:theme
		ADDED from AndroidManifest.xml:29:9
	android:hardwareAccelerated
		ADDED from AndroidManifest.xml:25:9
	android:largeHeap
		ADDED from AndroidManifest.xml:24:9
activity#de.christopherstock.android.martin.test1.viewpager.Amt1ViewPager
ADDED from AndroidManifest.xml:33:9
	android:screenOrientation
		ADDED from AndroidManifest.xml:33:189
	android:label
		ADDED from AndroidManifest.xml:33:59
	android:configChanges
		ADDED from AndroidManifest.xml:33:122
	android:name
		ADDED from AndroidManifest.xml:33:19
	android:launchMode
		ADDED from AndroidManifest.xml:33:91
intent-filter#android.intent.action.MAIN+android.intent.category.LAUNCHER
ADDED from AndroidManifest.xml:36:13
action#android.intent.action.MAIN
ADDED from AndroidManifest.xml:37:17
	android:name
		ADDED from AndroidManifest.xml:37:25
category#android.intent.category.LAUNCHER
ADDED from AndroidManifest.xml:38:17
	android:name
		ADDED from AndroidManifest.xml:38:27
intent-filter#android.intent.action.VIEW+android.intent.category.BROWSABLE+android.intent.category.DEFAULT
ADDED from AndroidManifest.xml:42:13
action#android.intent.action.VIEW
ADDED from AndroidManifest.xml:43:17
	android:name
		ADDED from AndroidManifest.xml:43:25
category#android.intent.category.DEFAULT
ADDED from AndroidManifest.xml:44:17
	android:name
		ADDED from AndroidManifest.xml:44:27
category#android.intent.category.BROWSABLE
ADDED from AndroidManifest.xml:45:17
	android:name
		ADDED from AndroidManifest.xml:45:27
data
ADDED from AndroidManifest.xml:46:17
	android:scheme
		ADDED from AndroidManifest.xml:46:23
intent-filter#android.intent.action.VIEW+android.intent.category.DEFAULT
ADDED from AndroidManifest.xml:60:13